Determining if the pthread_create exist failed with the following output:
Change Dir: /home/ubuntu/catkin_ws/build/CMakeFiles/CMakeTmp

Run Build Command:"/usr/bin/make" "cmTC_2726e/fast"
/usr/bin/make -f CMakeFiles/cmTC_2726e.dir/build.make CMakeFiles/cmTC_2726e.dir/build
make[1]: вход в каталог «/home/ubuntu/catkin_ws/build/CMakeFiles/CMakeTmp»
Building C object CMakeFiles/cmTC_2726e.dir/CheckSymbolExists.c.o
/usr/bin/cc    -o CMakeFiles/cmTC_2726e.dir/CheckSymbolExists.c.o   -c /home/ubuntu/catkin_ws/build/CMakeFiles/CMakeTmp/CheckSymbolExists.c
Linking C executable cmTC_2726e
/usr/bin/cmake -E cmake_link_script CMakeFiles/cmTC_2726e.dir/link.txt --verbose=1
/usr/bin/cc      -rdynamic CMakeFiles/cmTC_2726e.dir/CheckSymbolExists.c.o  -o cmTC_2726e 
CMakeFiles/cmTC_2726e.dir/CheckSymbolExists.c.o: In function `main':
CheckSymbolExists.c:(.text+0x1b): undefined reference to `pthread_create'
collect2: error: ld returned 1 exit status
CMakeFiles/cmTC_2726e.dir/build.make:97: recipe for target 'cmTC_2726e' failed
make[1]: *** [cmTC_2726e] Error 1
make[1]: выход из каталога «/home/ubuntu/catkin_ws/build/CMakeFiles/CMakeTmp»
Makefile:126: recipe for target 'cmTC_2726e/fast' failed
make: *** [cmTC_2726e/fast] Error 2

File /home/ubuntu/catkin_ws/build/CMakeFiles/CMakeTmp/CheckSymbolExists.c:
/* */
#include <pthread.h>

int main(int argc, char** argv)
{
  (void)argv;
#ifndef pthread_create
  return ((int*)(&pthread_create))[argc];
#else
  (void)argc;
  return 0;
#endif
}

Determining if the function pthread_create exists in the pthreads failed with the following output:
Change Dir: /home/ubuntu/catkin_ws/build/CMakeFiles/CMakeTmp

Run Build Command:"/usr/bin/make" "cmTC_c934b/fast"
/usr/bin/make -f CMakeFiles/cmTC_c934b.dir/build.make CMakeFiles/cmTC_c934b.dir/build
make[1]: вход в каталог «/home/ubuntu/catkin_ws/build/CMakeFiles/CMakeTmp»
Building C object CMakeFiles/cmTC_c934b.dir/CheckFunctionExists.c.o
/usr/bin/cc   -DCHECK_FUNCTION_EXISTS=pthread_create   -o CMakeFiles/cmTC_c934b.dir/CheckFunctionExists.c.o   -c /usr/share/cmake-3.10/Modules/CheckFunctionExists.c
Linking C executable cmTC_c934b
/usr/bin/cmake -E cmake_link_script CMakeFiles/cmTC_c934b.dir/link.txt --verbose=1
/usr/bin/cc  -DCHECK_FUNCTION_EXISTS=pthread_create    -rdynamic CMakeFiles/cmTC_c934b.dir/CheckFunctionExists.c.o  -o cmTC_c934b -lpthreads 
/usr/bin/ld: cannot find -lpthreads
collect2: error: ld returned 1 exit status
CMakeFiles/cmTC_c934b.dir/build.make:97: recipe for target 'cmTC_c934b' failed
make[1]: *** [cmTC_c934b] Error 1
make[1]: выход из каталога «/home/ubuntu/catkin_ws/build/CMakeFiles/CMakeTmp»
Makefile:126: recipe for target 'cmTC_c934b/fast' failed
make: *** [cmTC_c934b/fast] Error 2


